Performing C++ SOURCE FILE Test CMAKE_HAVE_LIBC_PTHREAD failed with the following output:
Change Dir: /data/cpp_prj/course/build/CMakeFiles/CMakeTmp

Run Build Command(s):/usr/bin/gmake cmTC_45527/fast && /usr/bin/gmake  -f CMakeFiles/cmTC_45527.dir/build.make CMakeFiles/cmTC_45527.dir/build
gmake[1]: Entering directory '/data/cpp_prj/course/build/CMakeFiles/CMakeTmp'
Building CXX object CMakeFiles/cmTC_45527.dir/src.cxx.o
/usr/bin/c++   -DCMAKE_HAVE_LIBC_PTHREAD -std=gnu++2a -o CMakeFiles/cmTC_45527.dir/src.cxx.o -c /data/cpp_prj/course/build/CMakeFiles/CMakeTmp/src.cxx
Linking CXX executable cmTC_45527
/data/cmake-3.18.1-Linux-x86_64/bin/cmake -E cmake_link_script CMakeFiles/cmTC_45527.dir/link.txt --verbose=1
/usr/bin/c++  -DCMAKE_HAVE_LIBC_PTHREAD CMakeFiles/cmTC_45527.dir/src.cxx.o -o cmTC_45527 
CMakeFiles/cmTC_45527.dir/src.cxx.o: In function `main':
src.cxx:(.text+0x2d): undefined reference to `pthread_create'
src.cxx:(.text+0x39): undefined reference to `pthread_detach'
src.cxx:(.text+0x45): undefined reference to `pthread_cancel'
src.cxx:(.text+0x56): undefined reference to `pthread_join'
collect2: error: ld returned 1 exit status
gmake[1]: *** [CMakeFiles/cmTC_45527.dir/build.make:106: cmTC_45527] Error 1
gmake[1]: Leaving directory '/data/cpp_prj/course/build/CMakeFiles/CMakeTmp'
gmake: *** [Makefile:140: cmTC_45527/fast] Error 2


Source file was:
#include <pthread.h>

void* test_func(void* data)
{
  return data;
}

int main(void)
{
  pthread_t thread;
  pthread_create(&thread, NULL, test_func, NULL);
  pthread_detach(thread);
  pthread_cancel(thread);
  pthread_join(thread, NULL);
  pthread_atfork(NULL, NULL, NULL);
  pthread_exit(NULL);

  return 0;
}

Determining if the function pthread_create exists in the pthreads failed with the following output:
Change Dir: /data/cpp_prj/course/build/CMakeFiles/CMakeTmp

Run Build Command(s):/usr/bin/gmake cmTC_34d90/fast && /usr/bin/gmake  -f CMakeFiles/cmTC_34d90.dir/build.make CMakeFiles/cmTC_34d90.dir/build
gmake[1]: Entering directory '/data/cpp_prj/course/build/CMakeFiles/CMakeTmp'
Building CXX object CMakeFiles/cmTC_34d90.dir/CheckFunctionExists.cxx.o
/usr/bin/c++   -DCHECK_FUNCTION_EXISTS=pthread_create -std=gnu++2a -o CMakeFiles/cmTC_34d90.dir/CheckFunctionExists.cxx.o -c /data/cpp_prj/course/build/CMakeFiles/CheckLibraryExists/CheckFunctionExists.cxx
Linking CXX executable cmTC_34d90
/data/cmake-3.18.1-Linux-x86_64/bin/cmake -E cmake_link_script CMakeFiles/cmTC_34d90.dir/link.txt --verbose=1
/usr/bin/c++  -DCHECK_FUNCTION_EXISTS=pthread_create CMakeFiles/cmTC_34d90.dir/CheckFunctionExists.cxx.o -o cmTC_34d90  -lpthreads 
/usr/bin/ld: cannot find -lpthreads
collect2: error: ld returned 1 exit status
gmake[1]: *** [CMakeFiles/cmTC_34d90.dir/build.make:106: cmTC_34d90] Error 1
gmake[1]: Leaving directory '/data/cpp_prj/course/build/CMakeFiles/CMakeTmp'
gmake: *** [Makefile:140: cmTC_34d90/fast] Error 2



